</EventXml>
          <EventDescription>Making system calls to access specified file. 
\\alsid.corp\sysvol\alsid.corp\Policies\{EF253028-09B7-4F00-9B7B-C2B470398B00}\gpt.ini</EventDescription>
        </EventRecord>
        <EventRecord>
          <EventXml>&lt;Event xmlns='http://schemas.microsoft.com/win/2004/08/events/event'&gt;&lt;System&gt;&lt;Provider Name='Microsoft-Windows-GroupPolicy' Guid='{aea1b4fa-97d1-45f2-a64c-4d69fffd92c9}'/&gt;&lt;EventID&gt;5017&lt;/EventID&gt;&lt;Version&gt;0&lt;/Version&gt;&lt;Level&gt;4&lt;/Level&gt;&lt;Task&gt;0&lt;/Task&gt;&lt;Opcode&gt;0&lt;/Opcode&gt;&lt;Keywords&gt;0x4000000000000000&lt;/Keywords&gt;&lt;TimeCreated SystemTime='2023-02-06T08:58:45.536125000Z'/&gt;&lt;EventRecordID&gt;615315&lt;/EventRecordID&gt;&lt;Correlation ActivityID='{0030d7e8-9daf-4f89-ba66-83fecd449fbb}'/&gt;&lt;Execution ProcessID='1508' ThreadID='664'/&gt;&lt;Channel&gt;Microsoft-Windows-GroupPolicy/Operational&lt;/Channel&gt;&lt;Computer&gt;qasaas-afad-dc1.alsid.corp&lt;/Computer&gt;&lt;Security UserID='S-1-5-18'/&gt;&lt;/System&gt;&lt;EventData&gt;&lt;Data Name='OperationElaspedTimeInMilliSeconds'&gt;0&lt;/Data&gt;&lt;Data Name='ErrorCode'&gt;0&lt;/Data&gt;&lt;Data Name='OperationDescription'&gt;%%4132&lt;/Data&gt;&lt;Data Name='Parameter'&gt;\\alsid.corp\sysvol\alsid.corp\Policies\{EF253028-09B7-4F00-9B7B-C2B470398B00}\gpt.ini&lt;/Data&gt;&lt;/EventData&gt;&lt;/Event&gt;</EventXml>
          <EventDescription>The system calls to access specified file completed. 
\\alsid.corp\sysvol\alsid.corp\Policies\{EF253028-09B7-4F00-9B7B-C2B470398B00}\gpt.ini
The call completed in 0 milliseconds.</EventDescription>
        </EventRecord>
        <EventRecord>
          <EventXml>&lt;Event xmlns='http://schemas.microsoft.com/win/2004/08/events/event'&gt;&lt;System&gt;&lt;Provider Name='Microsoft-Windows-GroupPolicy' Guid='{aea1b4fa-97d1-45f2-a64c-4d69fffd92c9}'/&gt;&lt;EventID&gt;4017&lt;/EventID&gt;&lt;Version&gt;0&lt;/Version&gt;&lt;Level&gt;4&lt;/Level&gt;&lt;Task&gt;0&lt;/Task&gt;&lt;Opcode&gt;0&lt;/Opcode&gt;&lt;Keywords&gt;0x4000000000000000&lt;/Keywords&gt;&lt;TimeCreated SystemTime='2023-02-06T08:58:45.536194900Z'/&gt;&lt;EventRecordID&gt;615316&lt;/EventRecordID&gt;&lt;Correlation ActivityID='{0030d7e8-9daf-4f89-ba66-83fecd449fbb}'/&gt;&lt;Execution ProcessID='1508' ThreadID='664'/&gt;&lt;Channel&gt;Microsoft-Windows-GroupPolicy/Operational&lt;/Channel&gt;&lt;Computer&gt;qasaas-afad-dc1.alsid.corp&lt;/Computer&gt;&lt;Security UserID='S-1-5-18'/&gt;&lt;/System&gt;&lt;EventData&gt;&lt;Data Name='OperationDescription'&gt;%%4131&lt;/Data&gt;&lt;Data Name='Parameter'&gt;\\alsid.corp\sysvol\alsid.corp\Policies\{31B2F340-016D-11D2-945F-00C04FB984F9}\gpt.ini&lt;/Data&gt;&lt;/EventData&gt;&lt;/Event&gt;</EventXml>
          <EventDescription>Making system calls to access specified file. 
\\alsid.corp\sysvol\alsid.corp\Policies\{31B2F340-016D-11D2-945F-00C04FB984F9}\gpt.ini</EventDescription>
        </EventRecord>
        <EventRecord>
          <EventXml>&lt;Event xmlns='http://schemas.microsoft.com/win/2004/08/events/event'&gt;&lt;System&gt;&lt;Provider Name='Microsoft-Windows-GroupPolicy' Guid='{aea1b4fa-97d1-45f2-a64c-4d69fffd92c9}'/&gt;&lt;EventID&gt;5017&lt;/EventID&gt;&lt;Version&gt;0&lt;/Version&gt;&lt;Level&gt;4&lt;/Level&gt;&lt;Task&gt;0&lt;/Task&gt;&lt;Opcode&gt;0&lt;/Opcode&gt;&lt;Keywords&gt;0x4000000000000000&lt;/Keywords&gt;&lt;TimeCreated SystemTime='2023-02-06T08:58:45.537781100Z'/&gt;&lt;EventRecordID&gt;615317&lt;/EventRecordID&gt;&lt;Correlation ActivityID='{0030d7e8-9daf-4f89-ba66-83fecd449fbb}'/&gt;&lt;Execution ProcessID='1508' ThreadID='664'/&gt;&lt;Channel&gt;Microsoft-Windows-GroupPolicy/Operational&lt;/Channel&gt;&lt;Computer&gt;qasaas-afad-dc1.alsid.corp&lt;/Computer&gt;&lt;Security UserID='S-1-5-18'/&gt;&lt;/System&gt;&lt;EventData&gt;&lt;Data Name='OperationElaspedTimeInMilliSeconds'&gt;0&lt;/Data&gt;&lt;Data Name='ErrorCode'&gt;0&lt;/Data&gt;&lt;Data Name='OperationDescription'&gt;%%4132&lt;/Data&gt;&lt;Data Name='Parameter'&gt;\\alsid.corp\sysvol\alsid.corp\Policies\{31B2F340-016D-11D2-945F-00C04FB984F9}\gpt.ini&lt;/Data&gt;&lt;/EventData&gt;&lt;/Event&gt;</EventXml>
          <EventDescription>The system calls to access specified file completed. 
\\alsid.corp\sysvol\alsid.corp\Policies\{31B2F340-016D-11D2-945F-00C04FB984F9}\gpt.ini
The call completed in 0 milliseconds.</EventDescription>
        </EventRecord>
        <EventRecord>
          <EventXml>&lt;Event xmlns='http://schemas.microsoft.com/win/2004/08/events/event'&gt;&lt;System&gt;&lt;Provider Name='Microsoft-Windows-GroupPolicy' Guid='{aea1b4fa-97d1-45f2-a64c-4d69fffd92c9}'/&gt;&lt;EventID&gt;4017&lt;/EventID&gt;&lt;Version&gt;0&lt;/Version&gt;&lt;Level&gt;4&lt;/Level&gt;&lt;Task&gt;0&lt;/Task&gt;&lt;Opcode&gt;0&lt;/Opcode&gt;&lt;Keywords&gt;0x4000000000000000&lt;/Keywords&gt;&lt;TimeCreated SystemTime='2023-02-06T08:58:45.537834400Z'/&gt;&lt;EventRecordID&gt;615318&lt;/EventRecordID&gt;&lt;Correlation ActivityID='{0030d7e8-9daf-4f89-ba66-83fecd449fbb}'/&gt;&lt;Execution ProcessID='1508' ThreadID='664'/&gt;&lt;Channel&gt;Microsoft-Windows-GroupPolicy/Operational&lt;/Channel&gt;&lt;Computer&gt;qasaas-afad-dc1.alsid.corp&lt;/Computer&gt;&lt;Security UserID='S-1-5-18'/&gt;&lt;/System&gt;&lt;EventData&gt;&lt;Data Name='OperationDescription'&gt;%%4131&lt;/Data&gt;&lt;Data Name='Parameter'&gt;\\alsid.corp\sysvol\alsid.corp\Policies\{6AC1786C-016F-11D2-945F-00C04fB984F9}\gpt.ini&lt;/Data&gt;&lt;/EventData&gt;&lt;/Event&gt;</EventXml>
          <EventDescription>Making system calls to access specified file. 
\\alsid.corp\sysvol\alsid.corp\Policies\{6AC1786C-016F-11D2-945F-00C04fB984F9}\gpt.ini</EventDescription>
        </EventRecord>
        <EventRecord>
          <EventXml>&lt;Event xmlns='http://schemas.microsoft.com/win/2004/08/events/event'&gt;&lt;System&gt;&lt;Provider Name='Microsoft-Windows-GroupPolicy' Guid='{aea1b4fa-97d1-45f2-a64c-4d69fffd92c9}'/&gt;&lt;EventID&gt;5017&lt;/EventID&gt;&lt;Version&gt;0&lt;/Version&gt;&lt;Level&gt;4&lt;/Level&gt;&lt;Task&gt;0&lt;/Task&gt;&lt;Opcode&gt;0&lt;/Opcode&gt;&lt;Keywords&gt;0x4000000000000000&lt;/Keywords&gt;&lt;TimeCreated SystemTime='2023-02-06T08:58:45.539360500Z'/&gt;&lt;EventRecordID&gt;615319&lt;/EventRecordID&gt;&lt;Correlation ActivityID='{0030d7e8-9daf-4f89-ba66-83fecd449fbb}'/&gt;&lt;Execution ProcessID='1508' ThreadID='664'/&gt;&lt;Channel&gt;Microsoft-Windows-GroupPolicy/Operational&lt;/Channel&gt;&lt;Computer&gt;qasaas-afad-dc1.alsid.corp&lt;/Computer&gt;&lt;Security UserID='S-1-5-18'/&gt;&lt;/System&gt;&lt;EventData&gt;&lt;Data Name='OperationElaspedTimeInMilliSeconds'&gt;0&lt;/Data&gt;&lt;Data Name='ErrorCode'&gt;0&lt;/Data&gt;&lt;Data Name='OperationDescription'&gt;%%4132&lt;/Data&gt;&lt;Data Name='Parameter'&gt;\\alsid.corp\sysvol\alsid.corp\Policies\{6AC1786C-016F-11D2-945F-00C04fB984F9}\gpt.ini&lt;/Data&gt;&lt;/EventData&gt;&lt;/Event&gt;</EventXml>
          <EventDescription>The system calls to access specified file completed. 
\\alsid.corp\sysvol\alsid.corp\Policies\{6AC1786C-016F-11D2-945F-00C04fB984F9}\gpt.ini
The call completed in 0 milliseconds.</EventDescription>
        </EventRecord>
        <EventRecord>
          <EventXml>&lt;Event xmlns='http://schemas.microsoft.com/win/2004/08/events/event'&gt;&lt;System&gt;&lt;Provider Name='Microsoft-Windows-GroupPolicy' Guid='{aea1b4fa-97d1-45f2-a64c-4d69fffd92c9}'/&gt;&lt;EventID&gt;5257&lt;/EventID&gt;&lt;Version&gt;0&lt;/Version&gt;&lt;Level&gt;4&lt;/Level&gt;&lt;Task&gt;0&lt;/Task&gt;&lt;Opcode&gt;0&lt;/Opcode&gt;&lt;Keywords&gt;0x4000000000000000&lt;/Keywords&gt;&lt;TimeCreated SystemTime='2023-02-06T08:58:45.539389600Z'/&gt;&lt;EventRecordID&gt;615320&lt;/EventRecordID&gt;&lt;Correlation ActivityID='{0030d7e8-9daf-4f89-ba66-83fecd449fbb}'/&gt;&lt;Execution ProcessID='1508' ThreadID='664'/&gt;&lt;Channel&gt;Microsoft-Windows-GroupPolicy/Operational&lt;/Channel&gt;&lt;Computer&gt;qasaas-afad-dc1.alsid.corp&lt;/Computer&gt;&lt;Security UserID='S-1-5-18'/&gt;&lt;/System&gt;&lt;EventData&gt;&lt;Data Name='IsMachine'&gt;true&lt;/Data&gt;&lt;Data Name='PolicyDownloadTimeElapsedInMilliseconds'&gt;94&lt;/Data&gt;&lt;/EventData&gt;&lt;/Event&gt;</EventXml>
          <EventDescription>Successfully completed downloading policies.</EventDescription>
        </EventRecord>
        <EventRecord>
          <EventXml>&lt;Event xmlns='http://schemas.microsoft.com/win/2004/08/events/event'&gt;&lt;System&gt;&lt;Provider Name='Microsoft-Windows-GroupPolicy' Guid='{aea1b4fa-97d1-45f2-a64c-4d69fffd92c9}'/&gt;&lt;EventID&gt;5126&lt;/EventID&gt;&lt;Version&gt;0&lt;/Version&gt;&lt;Level&gt;4&lt;/Level&gt;&lt;Task&gt;0&lt;/Task&gt;&lt;Opcode&gt;0&lt;/Opcode&gt;&lt;Keywords&gt;0x4000000000000000&lt;/Keywords&gt;&lt;TimeCreated SystemTime='2023-02-06T08:58:45.539726500Z'/&gt;&lt;EventRecordID&gt;615321&lt;/EventRecordID&gt;&lt;Correlation ActivityID='{0030d7e8-9daf-4f89-ba66-83fecd449fbb}'/&gt;&lt;Execution ProcessID='1508' ThreadID='664'/&gt;&lt;Channel&gt;Microsoft-Windows-GroupPolicy/Operational&lt;/Channel&gt;&lt;Computer&gt;qasaas-afad-dc1.alsid.corp&lt;/Computer&gt;&lt;Security UserID='S-1-5-18'/&gt;&lt;/System&gt;&lt;EventData&gt;&lt;Data Name='IsMachine'&gt;true&lt;/Data&gt;&lt;Data Name='IsBackgroundProcessing'&gt;true&lt;/Data&gt;&lt;Data Name='IsAsyncProcessing'&gt;false&lt;/Data&gt;&lt;Data Name='NumberOfGPOsDownloaded'&gt;3&lt;/Data&gt;&lt;Data Name='NumberOfGPOsApplicable'&gt;0&lt;/Data&gt;&lt;Data Name='GPODownloadTimeElapsedInMilliseconds'&gt;94&lt;/Data&gt;&lt;/EventData&gt;&lt;/Event&gt;</EventXml>
          <EventDescription>Group Policy successfully got applicable GPOs from the domain controller.</EventDescription>
        </EventRecord>
        <EventRecord>
          <EventXml>&lt;Event xmlns='http://schemas.microsoft.com/win/2004/08/events/event'&gt;&lt;System&gt;&lt;Provider Name='Microsoft-Windows-GroupPolicy' Guid='{aea1b4fa-97d1-45f2-a64c-4d69fffd92c9}'/&gt;&lt;EventID&gt;5312&lt;/EventID&gt;&lt;Version&gt;0&lt;/Version&gt;&lt;Level&gt;4&lt;/Level&gt;&lt;Task&gt;0&lt;/Task&gt;&lt;Opcode&gt;0&lt;/Opcode&gt;&lt;Keywords&gt;0x4000000000000000&lt;/Keywords&gt;&lt;TimeCreated SystemTime='2023-02-06T08:58:45.540162400Z'/&gt;&lt;EventRecordID&gt;615322&lt;/EventRecordID&gt;&lt;Correlation ActivityID='{0030d7e8-9daf-4f89-ba66-83fecd449fbb}'/&gt;&lt;Execution ProcessID='1508' ThreadID='664'/&gt;&lt;Channel&gt;Microsoft-Windows-GroupPolicy/Operational&lt;/Channel&gt;&lt;Computer&gt;qasaas-afad-dc1.alsid.corp&lt;/Computer&gt;&lt;Security UserID='S-1-5-18'/&gt;&lt;/System&gt;&lt;EventData&gt;&lt;Data Name='DescriptionString'&gt;Default Domain Policy
Default Domain Controllers Policy
Tenable.ad
&lt;/Data&gt;&lt;Data Name='GPOInfoList'&gt;&amp;lt;GPO ID="{31B2F340-016D-11D2-945F-00C04FB984F9}"&amp;gt;&amp;lt;Name&amp;gt;Default Domain Policy&amp;lt;/Name&amp;gt;&amp;lt;Version&amp;gt;131074&amp;lt;/Version&amp;gt;&amp;lt;SOM&amp;gt;LDAP://DC=alsid,DC=corp&amp;lt;/SOM&amp;gt;&amp;lt;FSPath&amp;gt;\\alsid.corp\sysvol\alsid.corp\Policies\{31B2F340-016D-11D2-945F-00C04FB984F9}\Machine&amp;lt;/FSPath&amp;gt;&amp;lt;Extensions&amp;gt;[{827D319E-6EAC-11D2-A4EA-00C04F79F83A}{803E14A0-B4FB-11D0-A0D0-00A0C90F574B}]&amp;lt;/Extensions&amp;gt;&amp;lt;/GPO&amp;gt;&amp;lt;GPO ID="{6AC1786C-016F-11D2-945F-00C04fB984F9}"&amp;gt;&amp;lt;Name&amp;gt;Default Domain Controllers Policy&amp;lt;/Name&amp;gt;&amp;lt;Version&amp;gt;65537&amp;lt;/Version&amp;gt;&amp;lt;SOM&amp;gt;LDAP://OU=Domain Controllers,DC=alsid,DC=corp&amp;lt;/SOM&amp;gt;&amp;lt;FSPath&amp;gt;\\alsid.corp\sysvol\alsid.corp\Policies\{6AC1786C-016F-11D2-945F-00C04fB984F9}\Machine&amp;lt;/FSPath&amp;gt;&amp;lt;Extensions&amp;gt;[{827D319E-6EAC-11D2-A4EA-00C04F79F83A}{803E14A0-B4FB-11D0-A0D0-00A0C90F574B}]&amp;lt;/Extensions&amp;gt;&amp;lt;/GPO&amp;gt;&amp;lt;GPO ID="{EF253028-09B7-4F00-9B7B-C2B470398B00}"&amp;gt;&amp;lt;Name&amp;gt;Tenable.ad&amp;lt;/Name&amp;gt;&amp;lt;Version&amp;gt;65537&amp;lt;/Version&amp;gt;&amp;lt;SOM&amp;gt;LDAP://OU=Domain Controllers,DC=alsid,DC=corp&amp;lt;/SOM&amp;gt;&amp;lt;FSPath&amp;gt;\\alsid.corp\sysvol\alsid.corp\Policies\{EF253028-09B7-4F00-9B7B-C2B470398B00}\Machine&amp;lt;/FSPath&amp;gt;&amp;lt;Extensions&amp;gt;[{00000000-0000-0000-0000-000000000000}{CAB54552-DEEA-4691-817E-ED4A4D1AFC72}][{35378EAC-683F-11D2-A89A-00C04FBBCFA2}{D02B1F72-3407-48AE-BA88-E8213C6761F1}][{827D319E-6EAC-11D2-A4EA-00C04F79F83A}{803E14A0-B4FB-11D0-A0D0-00A0C90F574B}][{AADCED64-746C-4633-A97C-D61349046527}{CAB54552-DEEA-4691-817E-ED4A4D1AFC72}]&amp;lt;/Extensions&amp;gt;&amp;lt;/GPO&amp;gt;&lt;/Data&gt;&lt;/EventData&gt;&lt;/Event&gt;</EventXml>
          <EventDescription>List of applicable Group Policy objects: 

Default Domain Policy
Default Domain Controllers Policy
Tenable.ad
</EventDescription>
        </EventRecord>
        <EventRecord>
          <EventXml>&lt;Event xmlns='http://schemas.microsoft.com/win/2004/08/events/event'&gt;&lt;System&gt;&lt;Provider Name='Microsoft-Windows-GroupPolicy' Guid='{aea1b4fa-97d1-45f2-a64c-4d69fffd92c9}'/&gt;&lt;EventID&gt;5313&lt;/EventID&gt;&lt;Version&gt;0&lt;/Version&gt;&lt;Level&gt;4&lt;/Level&gt;&lt;Task&gt;0&lt;/Task&gt;&lt;Opcode&gt;0&lt;/Opcode&gt;&lt;Keywords&gt;0x4000000000000000&lt;/Keywords&gt;&lt;TimeCreated SystemTime='2023-02-06T08:58:45.540185600Z'/&gt;&lt;EventRecordID&gt;615323&lt;/EventRecordID&gt;&lt;Correlation ActivityID='{0030d7e8-9daf-4f89-ba66-83fecd449fbb}'/&gt;&lt;Execution ProcessID='1508' ThreadID='664'/&gt;&lt;Channel&gt;Microsoft-Windows-GroupPolicy/Operational&lt;/Channel&gt;&lt;Computer&gt;qasaas-afad-dc1.alsid.corp&lt;/Computer&gt;&lt;Security UserID='S-1-5-18'/&gt;&lt;/System&gt;&lt;EventData&gt;&lt;Data Name='DescriptionString'&gt;Local Group Policy
	Not Applied (Empty)
&lt;/Data&gt;&lt;Data Name='GPOInfoList'&gt;&amp;lt;GPO ID="Local Group Policy"&amp;gt;&amp;lt;Name&amp;gt;Local Group Policy&amp;lt;/Name&amp;gt;&amp;lt;Version&amp;gt;0&amp;lt;/Version&amp;gt;&amp;lt;SOM&amp;gt;Local&amp;lt;/SOM&amp;gt;&amp;lt;FSPath&amp;gt;C:\Windows\System32\GroupPolicy\Machine&amp;lt;/FSPath&amp;gt;&amp;lt;Reason&amp;gt;NOTAPPLIED-EMPTY&amp;lt;/Reason&amp;gt;&amp;lt;/GPO&amp;gt;&lt;/Data&gt;&lt;/EventData&gt;&lt;/Event&gt;</EventXml>
          <EventDescription>The following Group Policy objects were not applicable because they were filtered out : 

Local Group Policy
	Not Applied (Empty)
</EventDescription>
        </EventRecord>
        <EventRecord>
          <EventXml>&lt;Event xmlns='http://schemas.microsoft.com/win/2004/08/events/event'&gt;&lt;System&gt;&lt;Provider Name='Microsoft-Windows-GroupPolicy' Guid='{aea1b4fa-97d1-45f2-a64c-4d69fffd92c9}'/&gt;&lt;EventID&gt;5320&lt;/EventID&gt;&lt;Version&gt;0&lt;/Version&gt;&lt;Level&gt;4&lt;/Level&gt;&lt;Task&gt;0&lt;/Task&gt;&lt;Opcode&gt;0&lt;/Opcode&gt;&lt;Keywords&gt;0x4000000000000000&lt;/Keywords&gt;&lt;TimeCreated SystemTime='2023-02-06T08:58:45.558457100Z'/&gt;&lt;EventRecordID&gt;615324&lt;/EventRecordID&gt;&lt;Correlation ActivityID='{0030d7e8-9daf-4f89-ba66-83fecd449fbb}'/&gt;&lt;Execution ProcessID='1508' ThreadID='664'/&gt;&lt;Channel&gt;Microsoft-Windows-GroupPolicy/Operational&lt;/Channel&gt;&lt;Computer&gt;qasaas-afad-dc1.alsid.corp&lt;/Computer&gt;&lt;Security UserID='S-1-5-18'/&gt;&lt;/System&gt;&lt;EventData&gt;&lt;Data Name='InfoDescription'&gt;%%4161&lt;/Data&gt;&lt;/EventData&gt;&lt;/Event&gt;</EventXml>
          <EventDescription>Checking for Group Policy client extensions that are not part of the system.</EventDescription>
        </EventRecord>
        <EventRecord>
          <EventXml>&lt;Event xmlns='http://schemas.microsoft.com/win/2004/08/events/event'&gt;&lt;System&gt;&lt;Provider Name='Microsoft-Windows-GroupPolicy' Guid='{aea1b4fa-97d1-45f2-a64c-4d69fffd92c9}'/&gt;&lt;EventID&gt;5320&lt;/EventID&gt;&lt;Version&gt;0&lt;/Version&gt;&lt;Level&gt;4&lt;/Level&gt;&lt;Task&gt;0&lt;/Task&gt;&lt;Opcode&gt;0&lt;/Opcode&gt;&lt;Keywords&gt;0x4000000000000000&lt;/Keywords&gt;&lt;TimeCreated SystemTime='2023-02-06T08:58:45.558583700Z'/&gt;&lt;EventRecordID&gt;615325&lt;/EventRecordID&gt;&lt;Correlation ActivityID='{0030d7e8-9daf-4f89-ba66-83fecd449fbb}'/&gt;&lt;Execution ProcessID='1508' ThreadID='664'/&gt;&lt;Channel&gt;Microsoft-Windows-GroupPolicy/Operational&lt;/Channel&gt;&lt;Computer&gt;qasaas-afad-dc1.alsid.corp&lt;/Computer&gt;&lt;Security UserID='S-1-5-18'/&gt;&lt;/System&gt;&lt;EventData&gt;&lt;Data Name='InfoDescription'&gt;%%4163&lt;/Data&gt;&lt;/EventData&gt;&lt;/Event&gt;</EventXml>
          <EventDescription>Service configuration update to standalone is not required and will be skipped.</EventDescription>
        </EventRecord>
        <EventRecord>
          <EventXml>&lt;Event xmlns='http://schemas.microsoft.com/win/2004/08/events/event'&gt;&lt;System&gt;&lt;Provider Name='Microsoft-Windows-GroupPolicy' Guid='{aea1b4fa-97d1-45f2-a64c-4d69fffd92c9}'/&gt;&lt;EventID&gt;5320&lt;/EventID&gt;&lt;Version&gt;0&lt;/Version&gt;&lt;Level&gt;4&lt;/Level&gt;&lt;Task&gt;0&lt;/Task&gt;&lt;Opcode&gt;0&lt;/Opcode&gt;&lt;Keywords&gt;0x4000000000000000&lt;/Keywords&gt;&lt;TimeCreated SystemTime='2023-02-06T08:58:45.558584500Z'/&gt;&lt;EventRecordID&gt;615326&lt;/EventRecordID&gt;&lt;Correlation ActivityID='{0030d7e8-9daf-4f89-ba66-83fecd449fbb}'/&gt;&lt;Execution ProcessID='1508' ThreadID='664'/&gt;&lt;Channel&gt;Microsoft-Windows-GroupPolicy/Operational&lt;/Channel&gt;&lt;Computer&gt;qasaas-afad-dc1.alsid.corp&lt;/Computer&gt;&lt;Security UserID='S-1-5-18'/&gt;&lt;/System&gt;&lt;EventData&gt;&lt;Data Name='InfoDescription'&gt;%%4165&lt;/Data&gt;&lt;/EventData&gt;&lt;/Event&gt;</EventXml>
          <EventDescription>Finished checking for non-system extensions.</EventDescription>
        </EventRecord>
        <EventRecord>
          <EventXml>&lt;Event xmlns='http://schemas.microsoft.com/win/2004/08/events/event'&gt;&lt;System&gt;&lt;Provider Name='Microsoft-Windows-GroupPolicy' Guid='{aea1b4fa-97d1-45f2-a64c-4d69fffd92c9}'/&gt;&lt;EventID&gt;4016&lt;/EventID&gt;&lt;Version&gt;0&lt;/Version&gt;&lt;Level&gt;4&lt;/Level&gt;&lt;Task&gt;0&lt;/Task&gt;&lt;Opcode&gt;1&lt;/Opcode&gt;&lt;Keywords&gt;0x4000000000000000&lt;/Keywords&gt;&lt;TimeCreated SystemTime='2023-02-06T08:58:45.558997400Z'/&gt;&lt;EventRecordID&gt;615327&lt;/EventRecordID&gt;&lt;Correlation ActivityID='{0030d7e8-9daf-4f89-ba66-83fecd449fbb}'/&gt;&lt;Execution ProcessID='1508' ThreadID='664'/&gt;&lt;Channel&gt;Microsoft-Windows-GroupPolicy/Operational&lt;/Channel&gt;&lt;Computer&gt;qasaas-afad-dc1.alsid.corp&lt;/Computer&gt;&lt;Security UserID='S-1-5-18'/&gt;&lt;/System&gt;&lt;EventData&gt;&lt;Data Name='CSEExtensionId'&gt;{35378eac-683f-11d2-a89a-00c04fbbcfa2}&lt;/Data&gt;&lt;Data Name='CSEExtensionName'&gt;Registry&lt;/Data&gt;&lt;Data Name='IsExtensionAsyncProcessing'&gt;false&lt;/Data&gt;&lt;Data Name='IsGPOListChanged'&gt;true&lt;/Data&gt;&lt;Data Name='GPOListStatusString'&gt;%%4102&lt;/Data&gt;&lt;Data Name='DescriptionString'&gt;Tenable.ad
&lt;/Data&gt;&lt;Data Name='ApplicableGPOList'&gt;&amp;lt;GPO ID="{EF253028-09B7-4F00-9B7B-C2B470398B00}"&amp;gt;&amp;lt;Name&amp;gt;Tenable.ad&amp;lt;/Name&amp;gt;&amp;lt;/GPO&amp;gt;&lt;/Data&gt;&lt;/EventData&gt;&lt;/Event&gt;</EventXml>
          <EventDescription>Starting Registry Extension Processing. 

List of applicable Group Policy objects: (Changes were detected.)

Tenable.ad
</EventDescription>
        </EventRecord>
        <EventRecord>
          <EventXml>&lt;Event xmlns='http://schemas.microsoft.com/win/2004/08/events/event'&gt;&lt;System&gt;&lt;Provider Name='Microsoft-Windows-GroupPolicy' Guid='{aea1b4fa-97d1-45f2-a64c-4d69fffd92c9}'/&gt;&lt;EventID&gt;5016&lt;/EventID&gt;&lt;Version&gt;0&lt;/Version&gt;&lt;Level&gt;4&lt;/Level&gt;&lt;Task&gt;0&lt;/Task&gt;&lt;Opcode&gt;2&lt;/Opcode&gt;&lt;Keywords&gt;0x4000000000000000&lt;/Keywords&gt;&lt;TimeCreated SystemTime='2023-02-06T08:58:45.567993800Z'/&gt;&lt;EventRecordID&gt;615328&lt;/EventRecordID&gt;&lt;Correlation ActivityID='{0030d7e8-9daf-4f89-ba66-83fecd449fbb}'/&gt;&lt;Execution ProcessID='1508' ThreadID='664'/&gt;&lt;Channel&gt;Microsoft-Windows-GroupPolicy/Operational&lt;/Channel&gt;&lt;Computer&gt;qasaas-afad-dc1.alsid.corp&lt;/Computer&gt;&lt;Security UserID='S-1-5-18'/&gt;&lt;/System&gt;&lt;EventData&gt;&lt;Data Name='CSEElaspedTimeInMilliSeconds'&gt;15&lt;/Data&gt;&lt;Data Name='ErrorCode'&gt;0&lt;/Data&gt;&lt;Data Name='CSEExtensionName'&gt;Registry&lt;/Data&gt;&lt;Data Name='CSEExtensionId'&gt;{35378eac-683f-11d2-a89a-00c04fbbcfa2}&lt;/Data&gt;&lt;/EventData&gt;&lt;/Event&gt;</EventXml>
          <EventDescription>Completed Registry Extension Processing in 15 milliseconds.</EventDescription>
        </EventRecord>
        <EventRecord>
          <EventXml>&lt;Event xmlns='http://schemas.microsoft.com/win/2004/08/events/event'&gt;&lt;System&gt;&lt;Provider Name='Microsoft-Windows-GroupPolicy' Guid='{aea1b4fa-97d1-45f2-a64c-4d69fffd92c9}'/&gt;&lt;EventID&gt;4016&lt;/EventID&gt;&lt;Version&gt;0&lt;/Version&gt;&lt;Level&gt;4&lt;/Level&gt;&lt;Task&gt;0&lt;/Task&gt;&lt;Opcode&gt;1&lt;/Opcode&gt;&lt;Keywords&gt;0x4000000000000000&lt;/Keywords&gt;&lt;TimeCreated SystemTime='2023-02-06T08:58:45.579156900Z'/&gt;&lt;EventRecordID&gt;615329&lt;/EventRecordID&gt;&lt;Correlation ActivityID='{0030d7e8-9daf-4f89-ba66-83fecd449fbb}'/&gt;&lt;Execution ProcessID='1508' ThreadID='664'/&gt;&lt;Channel&gt;Microsoft-Windows-GroupPolicy/Operational&lt;/Channel&gt;&lt;Computer&gt;qasaas-afad-dc1.alsid.corp&lt;/Computer&gt;&lt;Security UserID='S-1-5-18'/&gt;&lt;/System&gt;&lt;EventData&gt;&lt;Data Name='CSEExtensionId'&gt;{827d319e-6eac-11d2-a4ea-00c04f79f83a}&lt;/Data&gt;&lt;Data Name='CSEExtensionName'&gt;Security&lt;/Data&gt;&lt;Data Name='IsExtensionAsyncProcessing'&gt;true&lt;/Data&gt;&lt;Data Name='IsGPOListChanged'&gt;true&lt;/Data&gt;&lt;Data Name='GPOListStatusString'&gt;%%4102&lt;/Data&gt;&lt;Data Name='DescriptionString'&gt;Default Domain Policy
Default Domain Controllers Policy
Tenable.ad
&lt;/Data&gt;&lt;Data Name='ApplicableGPOList'&gt;&amp;lt;GPO ID="{31B2F340-016D-11D2-945F-00C04FB984F9}"&amp;gt;&amp;lt;Name&amp;gt;Default Domain Policy&amp;lt;/Name&amp;gt;&amp;lt;/GPO&amp;gt;&amp;lt;GPO ID="{6AC1786C-016F-11D2-945F-00C04fB984F9}"&amp;gt;&amp;lt;Name&amp;gt;Default Domain Controllers Policy&amp;lt;/Name&amp;gt;&amp;lt;/GPO&amp;gt;&amp;lt;GPO ID="{EF253028-09B7-4F00-9B7B-C2B470398B00}"&amp;gt;&amp;lt;Name&amp;gt;Tenable.ad&amp;lt;/Name&amp;gt;&amp;lt;/GPO&amp;gt;&lt;/Data&gt;&lt;/EventData&gt;&lt;/Event&gt;</EventXml>
          <EventDescription>Starting Security Extension Processing. 

List of applicable Group Policy objects: (Changes were detected.)

Default Domain Policy
Default Domain Controllers Policy
Tenable.ad
</EventDescription>
        </EventRecord>
        <EventRecord>
          <EventXml>&lt;Event xmlns='http://schemas.microsoft.com/win/2004/08/events/event'&gt;&lt;System&gt;&lt;Provider Name='Microsoft-Windows-GroupPolicy' Guid='{aea1b4fa-97d1-45f2-a64c-4d69fffd92c9}'/&gt;&lt;EventID&gt;5016&lt;/EventID&gt;&lt;Version&gt;0&lt;/Version&gt;&lt;Level&gt;4&lt;/Level&gt;&lt;Task&gt;0&lt;/Task&gt;&lt;Opcode&gt;2&lt;/Opcode&gt;&lt;Keywords&gt;0x4000000000000000&lt;/Keywords&gt;&lt;TimeCreated SystemTime='2023-02-06T08:58:46.391318100Z'/&gt;&lt;EventRecordID&gt;615330&lt;/EventRecordID&gt;&lt;Correlation ActivityID='{0030d7e8-9daf-4f89-ba66-83fecd449fbb}'/&gt;&lt;Execution ProcessID='1508' ThreadID='664'/&gt;&lt;Channel&gt;Microsoft-Windows-GroupPolicy/Operational&lt;/Channel&gt;&lt;Computer&gt;qasaas-afad-dc1.alsid.corp&lt;/Computer&gt;&lt;Security UserID='S-1-5-18'/&gt;&lt;/System&gt;&lt;EventData&gt;&lt;Data Name='CSEElaspedTimeInMilliSeconds'&gt;797&lt;/Data&gt;&lt;Data Name='ErrorCode'&gt;0&lt;/Data&gt;&lt;Data Name='CSEExtensionName'&gt;Security&lt;/Data&gt;&lt;Data Name='CSEExtensionId'&gt;{827d319e-6eac-11d2-a4ea-00c04f79f83a}&lt;/Data&gt;&lt;/EventData&gt;&lt;/Event&gt;</EventXml>
          <EventDescription>Completed Security Extension Processing in 797 milliseconds.</EventDescription>
        </EventRecord>
        <EventRecord>
          <EventXml>&lt;Event xmlns='http://schemas.microsoft.com/win/2004/08/events/event'&gt;&lt;System&gt;&lt;Provider Name='Microsoft-Windows-GroupPolicy' Guid='{aea1b4fa-97d1-45f2-a64c-4d69fffd92c9}'/&gt;&lt;EventID&gt;4016&lt;/EventID&gt;&lt;Version&gt;0&lt;/Version&gt;&lt;Level&gt;4&lt;/Level&gt;&lt;Task&gt;0&lt;/Task&gt;&lt;Opcode&gt;1&lt;/Opcode&gt;&lt;Keywords&gt;0x4000000000000000&lt;/Keywords&gt;&lt;TimeCreated SystemTime='2023-02-06T08:58:46.396814000Z'/&gt;&lt;EventRecordID&gt;615331&lt;/EventRecordID&gt;&lt;Correlation ActivityID='{0030d7e8-9daf-4f89-ba66-83fecd449fbb}'/&gt;&lt;Execution ProcessID='1508' ThreadID='664'/&gt;&lt;Channel&gt;Microsoft-Windows-GroupPolicy/Operational&lt;/Channel&gt;&lt;Computer&gt;qasaas-afad-dc1.alsid.corp&lt;/Computer&gt;&lt;Security UserID='S-1-5-18'/&gt;&lt;/System&gt;&lt;EventData&gt;&lt;Data Name='CSEExtensionId'&gt;{aadced64-746c-4633-a97c-d61349046527}&lt;/Data&gt;&lt;Data Name='CSEExtensionName'&gt;Group Policy Scheduled Tasks&lt;/Data&gt;&lt;Data Name='IsExtensionAsyncProcessing'&gt;true&lt;/Data&gt;&lt;Data Name='IsGPOListChanged'&gt;true&lt;/Data&gt;&lt;Data Name='GPOListStatusString'&gt;%%4102&lt;/Data&gt;&lt;Data Name='DescriptionString'&gt;Tenable.ad
&lt;/Data&gt;&lt;Data Name='ApplicableGPOList'&gt;&amp;lt;GPO ID="{EF253028-09B7-4F00-9B7B-C2B470398B00}"&amp;gt;&amp;lt;Name&amp;gt;Tenable.ad&amp;lt;/Name&amp;gt;&amp;lt;/GPO&amp;gt;&lt;/Data&gt;&lt;/EventData&gt;&lt;/Event&gt;</EventXml>
          <EventDescription>Starting Group Policy Scheduled Tasks Extension Processing. 

List of applicable Group Policy objects: (Changes were detected.)

Tenable.ad
</EventDescription>
        </EventRecord>
        <EventRecord>
          <EventXml>&lt;Event xmlns='http://schemas.microsoft.com/win/2004/08/events/event'&gt;&lt;System&gt;&lt;Provider Name='Microsoft-Windows-GroupPolicy' Guid='{aea1b4fa-97d1-45f2-a64c-4d69fffd92c9}'/&gt;&lt;EventID&gt;5016&lt;/EventID&gt;&lt;Version&gt;0&lt;/Version&gt;&lt;Level&gt;4&lt;/Level&gt;&lt;Task&gt;0&lt;/Task&gt;&lt;Opcode&gt;2&lt;/Opcode&gt;&lt;Keywords&gt;0x4000000000000000&lt;/Keywords&gt;&lt;TimeCreated SystemTime='2023-02-06T08:58:47.586742300Z'/&gt;&lt;EventRecordID&gt;615332&lt;/EventRecordID&gt;&lt;Correlation ActivityID='{0030d7e8-9daf-4f89-ba66-83fecd449fbb}'/&gt;&lt;Execution ProcessID='1508' ThreadID='664'/&gt;&lt;Channel&gt;Microsoft-Windows-GroupPolicy/Operational&lt;/Channel&gt;&lt;Computer&gt;qasaas-afad-dc1.alsid.corp&lt;/Computer&gt;&lt;Security UserID='S-1-5-18'/&gt;&lt;/System&gt;&lt;EventData&gt;&lt;Data Name='CSEElaspedTimeInMilliSeconds'&gt;1187&lt;/Data&gt;&lt;Data Name='ErrorCode'&gt;0&lt;/Data&gt;&lt;Data Name='CSEExtensionName'&gt;Group Policy Scheduled Tasks&lt;/Data&gt;&lt;Data Name='CSEExtensionId'&gt;{aadced64-746c-4633-a97c-d61349046527}&lt;/Data&gt;&lt;/EventData&gt;&lt;/Event&gt;</EventXml>
          <EventDescription>Completed Group Policy Scheduled Tasks Extension Processing in 1187 milliseconds.</EventDescription>
        </EventRecord>
        <EventRecord>
          <EventXml>&lt;Event xmlns='http://schemas.microsoft.com/win/2004/08/events/event'&gt;&lt;System&gt;&lt;Provider Name='Microsoft-Windows-GroupPolicy' Guid='{aea1b4fa-97d1-45f2-a64c-4d69fffd92c9}'/&gt;&lt;EventID&gt;1502&lt;/EventID&gt;&lt;Version&gt;0&lt;/Version&gt;&lt;Level&gt;4&lt;/Level&gt;&lt;Task&gt;0&lt;/Task&gt;&lt;Opcode&gt;1&lt;/Opcode&gt;&lt;Keywords&gt;0x8000000000000000&lt;/Keywords&gt;&lt;TimeCreated SystemTime='2023-02-06T08:58:47.600156600Z'/&gt;&lt;EventRecordID&gt;38914&lt;/EventRecordID&gt;&lt;Correlation ActivityID='{0030d7e8-9daf-4f89-ba66-83fecd449fbb}'/&gt;&lt;Execution ProcessID='1508' ThreadID='664'/&gt;&lt;Channel&gt;System&lt;/Channel&gt;&lt;Computer&gt;qasaas-afad-dc1.alsid.corp&lt;/Computer&gt;&lt;Security UserID='S-1-5-18'/&gt;&lt;/System&gt;&lt;EventData&gt;&lt;Data Name='SupportInfo1'&gt;1&lt;/Data&gt;&lt;Data Name='SupportInfo2'&gt;4213&lt;/Data&gt;&lt;Data Name='ProcessingMode'&gt;0&lt;/Data&gt;&lt;Data Name='ProcessingTimeInMilliseconds'&gt;2156&lt;/Data&gt;&lt;Data Name='DCName'&gt;\\qasaas-afad-dc1.alsid.corp&lt;/Data&gt;&lt;Data Name='NumberOfGroupPolicyObjects'&gt;3&lt;/Data&gt;&lt;/EventData&gt;&lt;/Event&gt;</EventXml>
          <EventDescription>The Group Policy settings for the computer were processed successfully. New settings from 3 Group Policy objects were detected and applied.</EventDescription>
        </EventRecord>
        <EventRecord>
          <EventXml>&lt;Event xmlns='http://schemas.microsoft.com/win/2004/08/events/event'&gt;&lt;System&gt;&lt;Provider Name='Microsoft-Windows-GroupPolicy' Guid='{aea1b4fa-97d1-45f2-a64c-4d69fffd92c9}'/&gt;&lt;EventID&gt;8004&lt;/EventID&gt;&lt;Version&gt;1&lt;/Version&gt;&lt;Level&gt;4&lt;/Level&gt;&lt;Task&gt;0&lt;/Task&gt;&lt;Opcode&gt;2&lt;/Opcode&gt;&lt;Keywords&gt;0x4000000000000000&lt;/Keywords&gt;&lt;TimeCreated SystemTime='2023-02-06T08:58:47.602960900Z'/&gt;&lt;EventRecordID&gt;615333&lt;/EventRecordID&gt;&lt;Correlation ActivityID='{0030d7e8-9daf-4f89-ba66-83fecd449fbb}'/&gt;&lt;Execution ProcessID='1508' ThreadID='664'/&gt;&lt;Channel&gt;Microsoft-Windows-GroupPolicy/Operational&lt;/Channel&gt;&lt;Computer&gt;qasaas-afad-dc1.alsid.corp&lt;/Computer&gt;&lt;Security UserID='S-1-5-18'/&gt;&lt;/System&gt;&lt;EventData&gt;&lt;Data Name='PolicyElaspedTimeInSeconds'&gt;2&lt;/Data&gt;&lt;Data Name='ErrorCode'&gt;0&lt;/Data&gt;&lt;Data Name='PrincipalSamName'&gt;ALSID\QASAAS-AFAD-DC1$&lt;/Data&gt;&lt;Data Name='IsMachine'&gt;1&lt;/Data&gt;&lt;Data Name='IsConnectivityFailure'&gt;false&lt;/Data&gt;&lt;/EventData&gt;&lt;/Event&gt;</EventXml>
          <EventDescription>Completed manual processing of policy for computer ALSID\QASAAS-AFAD-DC1$ in 2 seconds.</EventDescription>
        </EventRecord>
        <EventRecord>
          <EventXml>&lt;Event xmlns='http://schemas.microsoft.com/win/2004/08/events/event'&gt;&lt;System&gt;&lt;Provider Name='Microsoft-Windows-GroupPolicy' Guid='{aea1b4fa-97d1-45f2-a64c-4d69fffd92c9}'/&gt;&lt;EventID&gt;5315&lt;/EventID&gt;&lt;Version&gt;0&lt;/Version&gt;&lt;Level&gt;4&lt;/Level&gt;&lt;Task&gt;0&lt;/Task&gt;&lt;Opcode&gt;0&lt;/Opcode&gt;&lt;Keywords&gt;0x4000000000000000&lt;/Keywords&gt;&lt;TimeCreated SystemTime='2023-02-06T08:58:47.607363700Z'/&gt;&lt;EventRecordID&gt;615334&lt;/EventRecordID&gt;&lt;Correlation ActivityID='{0030d7e8-9daf-4f89-ba66-83fecd449fbb}'/&gt;&lt;Execution ProcessID='1508' ThreadID='664'/&gt;&lt;Channel&gt;Microsoft-Windows-GroupPolicy/Operational&lt;/Channel&gt;&lt;Computer&gt;qasaas-afad-dc1.alsid.corp&lt;/Computer&gt;&lt;Security UserID='S-1-5-18'/&gt;&lt;/System&gt;&lt;EventData&gt;&lt;Data Name='PrincipalSamName'&gt;ALSID\QASAAS-AFAD-DC1$&lt;/Data&gt;&lt;Data Name='NextPolicyApplicationTime'&gt;5&lt;/Data&gt;&lt;Data Name='NextPolicyApplicationTimeUnit'&gt;%%4100&lt;/Data&gt;&lt;/EventData&gt;&lt;/Event&gt;</EventXml>
          <EventDescription>Next policy processing for ALSID\QASAAS-AFAD-DC1$ will be attempted in 5 minutes.</EventDescription>
        </EventRecord>
        <ExtensionProcessingTime>
          <ExtensionName>Registry</ExtensionName>
          <ExtensionGuid>{35378eac-683f-11d2-a89a-00c04fbbcfa2}</ExtensionGuid>
          <ElapsedTimeInMilliseconds>15</ElapsedTimeInMilliseconds>
          <ProcessedTimeStamp>2023-02-06T08:58:45.5679938+00:00</ProcessedTimeStamp>
        </ExtensionProcessingTime>
        <ExtensionProcessingTime>
          <ExtensionName>Security</ExtensionName>
          <ExtensionGuid>{827d319e-6eac-11d2-a4ea-00c04f79f83a}</ExtensionGuid>
          <ElapsedTimeInMilliseconds>797</ElapsedTimeInMilliseconds>
          <ProcessedTimeStamp>2023-02-06T08:58:46.3913181+00:00</ProcessedTimeStamp>
        </ExtensionProcessingTime>
        <ExtensionProcessingTime>
          <ExtensionName>Group Policy Scheduled Tasks</ExtensionName>
          <ExtensionGuid>{aadced64-746c-4633-a97c-d61349046527}</ExtensionGuid>
          <ElapsedTimeInMilliseconds>1187</ElapsedTimeInMilliseconds>
          <ProcessedTimeStamp>2023-02-06T08:58:47.5867423+00:00</ProcessedTimeStamp>
        </ExtensionProcessingTime>
        <ExtensionProcessingTime>
          <ExtensionName>Group Policy Infrastructure</ExtensionName>
          <ExtensionGuid>{00000000-0000-0000-0000-000000000000}</ExtensionGuid>
          <ElapsedTimeInMilliseconds>179</ElapsedTimeInMilliseconds>
          <ProcessedTimeStamp>2023-02-06T08:58:47.6029609+00:00</ProcessedTimeStamp>
        </ExtensionProcessingTime>
      </SinglePassEventsDetails>
    </EventsDetails>
  </ComputerResults>
</Rsop>